<?xml version="1.0" encoding="UTF-8"?>
<!-- Generated by org.testng.reporters.JUnitXMLReporter -->
<testsuite hostname="DESKTOP-MPC5MTV" failures="0" tests="4" name="TestSuiteDemo-with Package" time="25.627" errors="0" timestamp="22 Jun 2022 14:29:03 GMT">
  <testcase classname="com.hrms.testscripts.Testing_033_LoginLogout" name="loginout" time="6.096"/>
  <testcase classname="com.hrms.testscripts.Testing_034_AddEmployee" name="addemp" time="6.06"/>
  <testcase classname="com.hrms.testscripts.Testing_035_EditEmployee" name="editemp" time="7.298"/>
  <testcase classname="com.hrms.testscripts.Testing_036_DelEmployee" name="delemp" time="6.133"/>
</testsuite> <!-- TestSuiteDemo-with Package -->
